  GameManager.cpp
  MainGame.cpp
D:\PONG\MainGame.cpp(25,44): warning C4244: 'argument': conversion from 'double' to 'float', possible loss of data
D:\PONG\MainGame.cpp(26,67): warning C4244: 'argument': conversion from 'double' to 'float', possible loss of data
D:\PONG\MainGame.cpp(26,41): warning C4244: 'argument': conversion from 'T' to 'float', possible loss of data
          with
          [
              T=unsigned int
          ]
D:\PONG\MainGame.cpp(27,60): warning C4244: 'argument': conversion from 'double' to 'float', possible loss of data
D:\PONG\MainGame.cpp(27,34): warning C4244: 'argument': conversion from 'double' to 'float', possible loss of data
D:\PONG\MainGame.cpp(28,68): warning C4244: 'argument': conversion from 'T' to 'T', possible loss of data
          with
          [
              T=unsigned int
          ]
          and
          [
              T=float
          ]
D:\PONG\MainGame.cpp(29,49): warning C4244: 'argument': conversion from 'double' to 'float', possible loss of data
D:\PONG\MainGame.cpp(32,48): warning C4244: 'argument': conversion from 'T' to 'float', possible loss of data
          with
          [
              T=unsigned int
          ]
D:\PONG\MainGame.cpp(33,49): warning C4244: 'argument': conversion from 'double' to 'float', possible loss of data
  TitleScreen.cpp
D:\PONG\TitleScreen.cpp(23,77): warning C4244: 'argument': conversion from 'T' to 'T', possible loss of data
          with
          [
              T=unsigned int
          ]
          and
          [
              T=float
          ]
D:\PONG\TitleScreen.cpp(23,53): warning C4244: 'argument': conversion from 'T' to 'T', possible loss of data
          with
          [
              T=unsigned int
          ]
          and
          [
              T=float
          ]
D:\PONG\TitleScreen.cpp(32,83): warning C4244: 'argument': conversion from 'T' to 'T', possible loss of data
          with
          [
              T=unsigned int
          ]
          and
          [
              T=float
          ]
D:\PONG\TitleScreen.cpp(32,54): warning C4244: 'argument': conversion from 'T' to 'T', possible loss of data
          with
          [
              T=unsigned int
          ]
          and
          [
              T=float
          ]
  main.cpp
  Generating Code...
  PONG.vcxproj -> D:\PONG\Debug\PONG.exe
